{"numFailedTestSuites":4,"numFailedTests":12,"numPassedTestSuites":2,"numPassedTests":96,"numPendingTestSuites":0,"numPendingTests":1,"numRuntimeErrorTestSuites":2,"numTodoTests":0,"numTotalTestSuites":6,"numTotalTests":109,"openHandles":[],"snapshot":{"added":0,"didUpdate":false,"failure":false,"filesAdded":0,"filesRemoved":0,"filesRemovedList":[],"filesUnmatched":0,"filesUpdated":0,"matched":0,"total":0,"unchecked":0,"uncheckedKeysByFile":[],"unmatched":0,"updated":0},"startTime":1766966831790,"success":false,"testResults":[{"assertionResults":[{"ancestorTitles":["LLMManager","Constructor"],"duration":33,"failureDetails":[],"failureMessages":[],"fullName":"LLMManager Constructor should initialize with provided dependencies","invocations":1,"location":null,"numPassingAsserts":2,"retryReasons":[],"status":"passed","title":"should initialize with provided dependencies"},{"ancestorTitles":["LLMManager","Constructor"],"duration":2,"failureDetails":[],"failureMessages":[],"fullName":"LLMManager Constructor should use default pool if none provided","invocations":1,"location":null,"numPassingAsserts":1,"retryReasons":[],"status":"passed","title":"should use default pool if none provided"},{"ancestorTitles":["LLMManager","Constructor"],"duration":5,"failureDetails":[],"failureMessages":[],"fullName":"LLMManager Constructor should initialize providers on construction","invocations":1,"location":null,"numPassingAsserts":1,"retryReasons":[],"status":"passed","title":"should initialize providers on construction"},{"ancestorTitles":["LLMManager","Singleton Pattern"],"duration":2,"failureDetails":[],"failureMessages":[],"fullName":"LLMManager Singleton Pattern should return same instance when calling getInstance()","invocations":1,"location":null,"numPassingAsserts":1,"retryReasons":[],"status":"passed","title":"should return same instance when calling getInstance()"},{"ancestorTitles":["LLMManager","Singleton Pattern"],"duration":17,"failureDetails":[],"failureMessages":[],"fullName":"LLMManager Singleton Pattern should return singleton instance","invocations":1,"location":null,"numPassingAsserts":1,"retryReasons":[],"status":"passed","title":"should return singleton instance"},{"ancestorTitles":["LLMManager","Provider Initialization"],"duration":9,"failureDetails":[],"failureMessages":[],"fullName":"LLMManager Provider Initialization should initialize Claude provider with API key from environment","invocations":1,"location":null,"numPassingAsserts":2,"retryReasons":[],"status":"passed","title":"should initialize Claude provider with API key from environment"},{"ancestorTitles":["LLMManager","Provider Initialization"],"duration":8,"failureDetails":[],"failureMessages":[],"fullName":"LLMManager Provider Initialization should initialize OpenAI provider with API key from environment","invocations":1,"location":null,"numPassingAsserts":2,"retryReasons":[],"status":"passed","title":"should initialize OpenAI provider with API key from environment"},{"ancestorTitles":["LLMManager","Provider Initialization"],"duration":1,"failureDetails":[],"failureMessages":[],"fullName":"LLMManager Provider Initialization should initialize Gemini provider with API key from environment","invocations":1,"location":null,"numPassingAsserts":2,"retryReasons":[],"status":"passed","title":"should initialize Gemini provider with API key from environment"},{"ancestorTitles":["LLMManager","Provider Initialization"],"duration":2,"failureDetails":[],"failureMessages":[],"fullName":"LLMManager Provider Initialization should initialize DeepSeek provider with API key from environment","invocations":1,"location":null,"numPassingAsserts":2,"retryReasons":[],"status":"passed","title":"should initialize DeepSeek provider with API key from environment"},{"ancestorTitles":["LLMManager","Provider Initialization"],"duration":3,"failureDetails":[],"failureMessages":[],"fullName":"LLMManager Provider Initialization should initialize OpenRouter provider with API key from environment","invocations":1,"location":null,"numPassingAsserts":2,"retryReasons":[],"status":"passed","title":"should initialize OpenRouter provider with API key from environment"},{"ancestorTitles":["LLMManager","Provider Initialization"],"duration":2,"failureDetails":[],"failureMessages":[],"fullName":"LLMManager Provider Initialization should fail to initialize provider without API key","invocations":1,"location":null,"numPassingAsserts":1,"retryReasons":[],"status":"passed","title":"should fail to initialize provider without API key"},{"ancestorTitles":["LLMManager","Settings Loading from Database"],"duration":5,"failureDetails":[],"failureMessages":[],"fullName":"LLMManager Settings Loading from Database should load settings from database successfully","invocations":1,"location":null,"numPassingAsserts":2,"retryReasons":[],"status":"passed","title":"should load settings from database successfully"},{"ancestorTitles":["LLMManager","Settings Loading from Database"],"duration":1,"failureDetails":[],"failureMessages":[],"fullName":"LLMManager Settings Loading from Database should handle missing database gracefully","invocations":1,"location":null,"numPassingAsserts":1,"retryReasons":[],"status":"passed","title":"should handle missing database gracefully"},{"ancestorTitles":["LLMManager","Settings Loading from Database"],"duration":3,"failureDetails":[],"failureMessages":[],"fullName":"LLMManager Settings Loading from Database should handle database errors gracefully","invocations":1,"location":null,"numPassingAsserts":1,"retryReasons":[],"status":"passed","title":"should handle database errors gracefully"},{"ancestorTitles":["LLMManager","Settings Loading from Database"],"duration":0,"failureDetails":[],"failureMessages":[],"fullName":"LLMManager Settings Loading from Database should handle missing activeChatModel","invocations":1,"location":null,"numPassingAsserts":1,"retryReasons":[],"status":"passed","title":"should handle missing activeChatModel"},{"ancestorTitles":["LLMManager","Settings Loading from Database"],"duration":1,"failureDetails":[],"failureMessages":[],"fullName":"LLMManager Settings Loading from Database should update provider settings from database","invocations":1,"location":null,"numPassingAsserts":2,"retryReasons":[],"status":"passed","title":"should update provider settings from database"},{"ancestorTitles":["LLMManager","Utility Methods","normalizeProviderName"],"duration":2,"failureDetails":[],"failureMessages":[],"fullName":"LLMManager Utility Methods normalizeProviderName should normalize provider names correctly","invocations":1,"location":null,"numPassingAsserts":9,"retryReasons":[],"status":"passed","title":"should normalize provider names correctly"},{"ancestorTitles":["LLMManager","Utility Methods","normalizeProviderName"],"duration":1,"failureDetails":[],"failureMessages":[],"fullName":"LLMManager Utility Methods normalizeProviderName should return openai as default for unknown providers","invocations":1,"location":null,"numPassingAsserts":1,"retryReasons":[],"status":"passed","title":"should return openai as default for unknown providers"},{"ancestorTitles":["LLMManager","Utility Methods","normalizeProviderName"],"duration":1,"failureDetails":[],"failureMessages":[],"fullName":"LLMManager Utility Methods normalizeProviderName should handle empty string","invocations":1,"location":null,"numPassingAsserts":1,"retryReasons":[],"status":"passed","title":"should handle empty string"},{"ancestorTitles":["LLMManager","Utility Methods","extractProviderFromModel"],"duration":1,"failureDetails":[],"failureMessages":[],"fullName":"LLMManager Utility Methods extractProviderFromModel should extract provider from model string","invocations":1,"location":null,"numPassingAsserts":7,"retryReasons":[],"status":"passed","title":"should extract provider from model string"},{"ancestorTitles":["LLMManager","Utility Methods","extractProviderFromModel"],"duration":0,"failureDetails":[],"failureMessages":[],"fullName":"LLMManager Utility Methods extractProviderFromModel should default to gemini for unknown models","invocations":1,"location":null,"numPassingAsserts":1,"retryReasons":[],"status":"passed","title":"should default to gemini for unknown models"},{"ancestorTitles":["LLMManager","Utility Methods","resolveEmbeddingModelName"],"duration":13,"failureDetails":[{"matcherResult":{"actual":"gemini-embedding-001","expected":"text-embedding-004","message":"expect(received).toBe(expected) // Object.is equality\n\nExpected: \"text-embedding-004\"\nReceived: \"gemini-embedding-001\"","name":"toBe","pass":false}}],"failureMessages":["Error: expect(received).toBe(expected) // Object.is equality\n\nExpected: \"text-embedding-004\"\nReceived: \"gemini-embedding-001\"\n    at Object.<anonymous> (C:\\xampp\\htdocs\\lsemb\\backend\\src\\services\\llm-manager.service.unit.test.ts:260:46)\n    at Promise.then.completed (C:\\xampp\\htdocs\\lsemb\\backend\\node_modules\\jest-circus\\build\\utils.js:298:28)\n    at new Promise (<anonymous>)\n    at callAsyncCircusFn (C:\\xampp\\htdocs\\lsemb\\backend\\node_modules\\jest-circus\\build\\utils.js:231:10)\n    at _callCircusTest (C:\\xampp\\htdocs\\lsemb\\backend\\node_modules\\jest-circus\\build\\run.js:316:40)\n    at processTicksAndRejections (node:internal/process/task_queues:105:5)\n    at _runTest (C:\\xampp\\htdocs\\lsemb\\backend\\node_modules\\jest-circus\\build\\run.js:252:3)\n    at _runTestsForDescribeBlock (C:\\xampp\\htdocs\\lsemb\\backend\\node_modules\\jest-circus\\build\\run.js:126:9)\n    at _runTestsForDescribeBlock (C:\\xampp\\htdocs\\lsemb\\backend\\node_modules\\jest-circus\\build\\run.js:121:9)\n    at _runTestsForDescribeBlock (C:\\xampp\\htdocs\\lsemb\\backend\\node_modules\\jest-circus\\build\\run.js:121:9)\n    at _runTestsForDescribeBlock (C:\\xampp\\htdocs\\lsemb\\backend\\node_modules\\jest-circus\\build\\run.js:121:9)\n    at run (C:\\xampp\\htdocs\\lsemb\\backend\\node_modules\\jest-circus\\build\\run.js:71:3)\n    at runAndTransformResultsToJestFormat (C:\\xampp\\htdocs\\lsemb\\backend\\node_modules\\jest-circus\\build\\legacy-code-todo-rewrite\\jestAdapterInit.js:122:21)\n    at jestAdapter (C:\\xampp\\htdocs\\lsemb\\backend\\node_modules\\jest-circus\\build\\legacy-code-todo-rewrite\\jestAdapter.js:79:19)\n    at runTestInternal (C:\\xampp\\htdocs\\lsemb\\backend\\node_modules\\jest-runner\\build\\runTest.js:367:16)\n    at runTest (C:\\xampp\\htdocs\\lsemb\\backend\\node_modules\\jest-runner\\build\\runTest.js:444:34)\n    at Object.worker (C:\\xampp\\htdocs\\lsemb\\backend\\node_modules\\jest-runner\\build\\testWorker.js:106:12)"],"fullName":"LLMManager Utility Methods resolveEmbeddingModelName should resolve embedding model names correctly","invocations":1,"location":null,"numPassingAsserts":4,"retryReasons":[],"status":"failed","title":"should resolve embedding model names correctly"},{"ancestorTitles":["LLMManager","Utility Methods","resolveEmbeddingModelName"],"duration":3,"failureDetails":[{"matcherResult":{"actual":"gemini-embedding-001","expected":"text-embedding-004","message":"expect(received).toBe(expected) // Object.is equality\n\nExpected: \"text-embedding-004\"\nReceived: \"gemini-embedding-001\"","name":"toBe","pass":false}}],"failureMessages":["Error: expect(received).toBe(expected) // Object.is equality\n\nExpected: \"text-embedding-004\"\nReceived: \"gemini-embedding-001\"\n    at Object.<anonymous> (C:\\xampp\\htdocs\\lsemb\\backend\\src\\services\\llm-manager.service.unit.test.ts:266:35)\n    at Promise.then.completed (C:\\xampp\\htdocs\\lsemb\\backend\\node_modules\\jest-circus\\build\\utils.js:298:28)\n    at new Promise (<anonymous>)\n    at callAsyncCircusFn (C:\\xampp\\htdocs\\lsemb\\backend\\node_modules\\jest-circus\\build\\utils.js:231:10)\n    at _callCircusTest (C:\\xampp\\htdocs\\lsemb\\backend\\node_modules\\jest-circus\\build\\run.js:316:40)\n    at processTicksAndRejections (node:internal/process/task_queues:105:5)\n    at _runTest (C:\\xampp\\htdocs\\lsemb\\backend\\node_modules\\jest-circus\\build\\run.js:252:3)\n    at _runTestsForDescribeBlock (C:\\xampp\\htdocs\\lsemb\\backend\\node_modules\\jest-circus\\build\\run.js:126:9)\n    at _runTestsForDescribeBlock (C:\\xampp\\htdocs\\lsemb\\backend\\node_modules\\jest-circus\\build\\run.js:121:9)\n    at _runTestsForDescribeBlock (C:\\xampp\\htdocs\\lsemb\\backend\\node_modules\\jest-circus\\build\\run.js:121:9)\n    at _runTestsForDescribeBlock (C:\\xampp\\htdocs\\lsemb\\backend\\node_modules\\jest-circus\\build\\run.js:121:9)\n    at run (C:\\xampp\\htdocs\\lsemb\\backend\\node_modules\\jest-circus\\build\\run.js:71:3)\n    at runAndTransformResultsToJestFormat (C:\\xampp\\htdocs\\lsemb\\backend\\node_modules\\jest-circus\\build\\legacy-code-todo-rewrite\\jestAdapterInit.js:122:21)\n    at jestAdapter (C:\\xampp\\htdocs\\lsemb\\backend\\node_modules\\jest-circus\\build\\legacy-code-todo-rewrite\\jestAdapter.js:79:19)\n    at runTestInternal (C:\\xampp\\htdocs\\lsemb\\backend\\node_modules\\jest-runner\\build\\runTest.js:367:16)\n    at runTest (C:\\xampp\\htdocs\\lsemb\\backend\\node_modules\\jest-runner\\build\\runTest.js:444:34)\n    at Object.worker (C:\\xampp\\htdocs\\lsemb\\backend\\node_modules\\jest-runner\\build\\testWorker.js:106:12)"],"fullName":"LLMManager Utility Methods resolveEmbeddingModelName should return default model when no model provided","invocations":1,"location":null,"numPassingAsserts":1,"retryReasons":[],"status":"failed","title":"should return default model when no model provided"},{"ancestorTitles":["LLMManager","Utility Methods","resolveEmbeddingModelName"],"duration":2,"failureDetails":[{"matcherResult":{"actual":"gemini-embedding-001","expected":"text-embedding-004","message":"expect(received).toBe(expected) // Object.is equality\n\nExpected: \"text-embedding-004\"\nReceived: \"gemini-embedding-001\"","name":"toBe","pass":false}}],"failureMessages":["Error: expect(received).toBe(expected) // Object.is equality\n\nExpected: \"text-embedding-004\"\nReceived: \"gemini-embedding-001\"\n    at Object.<anonymous> (C:\\xampp\\htdocs\\lsemb\\backend\\src\\services\\llm-manager.service.unit.test.ts:272:42)\n    at Promise.then.completed (C:\\xampp\\htdocs\\lsemb\\backend\\node_modules\\jest-circus\\build\\utils.js:298:28)\n    at new Promise (<anonymous>)\n    at callAsyncCircusFn (C:\\xampp\\htdocs\\lsemb\\backend\\node_modules\\jest-circus\\build\\utils.js:231:10)\n    at _callCircusTest (C:\\xampp\\htdocs\\lsemb\\backend\\node_modules\\jest-circus\\build\\run.js:316:40)\n    at processTicksAndRejections (node:internal/process/task_queues:105:5)\n    at _runTest (C:\\xampp\\htdocs\\lsemb\\backend\\node_modules\\jest-circus\\build\\run.js:252:3)\n    at _runTestsForDescribeBlock (C:\\xampp\\htdocs\\lsemb\\backend\\node_modules\\jest-circus\\build\\run.js:126:9)\n    at _runTestsForDescribeBlock (C:\\xampp\\htdocs\\lsemb\\backend\\node_modules\\jest-circus\\build\\run.js:121:9)\n    at _runTestsForDescribeBlock (C:\\xampp\\htdocs\\lsemb\\backend\\node_modules\\jest-circus\\build\\run.js:121:9)\n    at _runTestsForDescribeBlock (C:\\xampp\\htdocs\\lsemb\\backend\\node_modules\\jest-circus\\build\\run.js:121:9)\n    at run (C:\\xampp\\htdocs\\lsemb\\backend\\node_modules\\jest-circus\\build\\run.js:71:3)\n    at runAndTransformResultsToJestFormat (C:\\xampp\\htdocs\\lsemb\\backend\\node_modules\\jest-circus\\build\\legacy-code-todo-rewrite\\jestAdapterInit.js:122:21)\n    at jestAdapter (C:\\xampp\\htdocs\\lsemb\\backend\\node_modules\\jest-circus\\build\\legacy-code-todo-rewrite\\jestAdapter.js:79:19)\n    at runTestInternal (C:\\xampp\\htdocs\\lsemb\\backend\\node_modules\\jest-runner\\build\\runTest.js:367:16)\n    at runTest (C:\\xampp\\htdocs\\lsemb\\backend\\node_modules\\jest-runner\\build\\runTest.js:444:34)\n    at Object.worker (C:\\xampp\\htdocs\\lsemb\\backend\\node_modules\\jest-runner\\build\\testWorker.js:106:12)"],"fullName":"LLMManager Utility Methods resolveEmbeddingModelName should handle empty string model","invocations":1,"location":null,"numPassingAsserts":1,"retryReasons":[],"status":"failed","title":"should handle empty string model"},{"ancestorTitles":["LLMManager","Utility Methods","providerSupportsEmbeddings"],"duration":1,"failureDetails":[],"failureMessages":[],"fullName":"LLMManager Utility Methods providerSupportsEmbeddings should correctly identify providers that support embeddings","invocations":1,"location":null,"numPassingAsserts":5,"retryReasons":[],"status":"passed","title":"should correctly identify providers that support embeddings"},{"ancestorTitles":["LLMManager","Embedding Generation"],"duration":1061,"failureDetails":[],"failureMessages":[],"fullName":"LLMManager Embedding Generation should call generateEmbedding and handle provider not ready","invocations":1,"location":null,"numPassingAsserts":1,"retryReasons":[],"status":"passed","title":"should call generateEmbedding and handle provider not ready"},{"ancestorTitles":["LLMManager","Provider Status"],"duration":4,"failureDetails":[],"failureMessages":[],"fullName":"LLMManager Provider Status should get provider status","invocations":1,"location":null,"numPassingAsserts":7,"retryReasons":[],"status":"passed","title":"should get provider status"},{"ancestorTitles":["LLMManager","Provider Status"],"duration":2,"failureDetails":[],"failureMessages":[],"fullName":"LLMManager Provider Status should return hasApiKey true for providers with keys","invocations":1,"location":null,"numPassingAsserts":3,"retryReasons":[],"status":"passed","title":"should return hasApiKey true for providers with keys"},{"ancestorTitles":["LLMManager","Initialize Method"],"duration":2,"failureDetails":[],"failureMessages":[],"fullName":"LLMManager Initialize Method should initialize successfully","invocations":1,"location":null,"numPassingAsserts":1,"retryReasons":[],"status":"passed","title":"should initialize successfully"},{"ancestorTitles":["LLMManager","Refresh Settings"],"duration":4,"failureDetails":[],"failureMessages":[],"fullName":"LLMManager Refresh Settings should refresh settings on demand","invocations":1,"location":null,"numPassingAsserts":1,"retryReasons":[],"status":"passed","title":"should refresh settings on demand"},{"ancestorTitles":["LLMManager","Get API Key"],"duration":20,"failureDetails":[],"failureMessages":[],"fullName":"LLMManager Get API Key should return API key for provider","invocations":1,"location":null,"numPassingAsserts":1,"retryReasons":[],"status":"passed","title":"should return API key for provider"},{"ancestorTitles":["LLMManager","Get API Key"],"duration":3,"failureDetails":[],"failureMessages":[],"fullName":"LLMManager Get API Key should return null for missing provider","invocations":1,"location":null,"numPassingAsserts":1,"retryReasons":[],"status":"passed","title":"should return null for missing provider"},{"ancestorTitles":["LLMManager","Update Embedding Config"],"duration":2,"failureDetails":[],"failureMessages":[],"fullName":"LLMManager Update Embedding Config should update embedding configuration","invocations":1,"location":null,"numPassingAsserts":1,"retryReasons":[],"status":"passed","title":"should update embedding configuration"},{"ancestorTitles":["LLMManager","Model Name Normalization"],"duration":1,"failureDetails":[],"failureMessages":[],"fullName":"LLMManager Model Name Normalization should fix deprecated Gemini -latest models in database","invocations":1,"location":null,"numPassingAsserts":2,"retryReasons":[],"status":"passed","title":"should fix deprecated Gemini -latest models in database"},{"ancestorTitles":["LLMManager","Model Name Normalization"],"duration":56,"failureDetails":[],"failureMessages":[],"fullName":"LLMManager Model Name Normalization should fix deprecated Claude model in database","invocations":1,"location":null,"numPassingAsserts":2,"retryReasons":[],"status":"passed","title":"should fix deprecated Claude model in database"},{"ancestorTitles":["LLMManager","Model Name Normalization"],"duration":1,"failureDetails":[],"failureMessages":[],"fullName":"LLMManager Model Name Normalization should normalize Claude 3.5 Sonnet model names","invocations":1,"location":null,"numPassingAsserts":1,"retryReasons":[],"status":"passed","title":"should normalize Claude 3.5 Sonnet model names"},{"ancestorTitles":["LLMManager","Model Name Normalization"],"duration":2,"failureDetails":[],"failureMessages":[],"fullName":"LLMManager Model Name Normalization should normalize OpenRouter model format correctly","invocations":1,"location":null,"numPassingAsserts":2,"retryReasons":[],"status":"passed","title":"should normalize OpenRouter model format correctly"},{"ancestorTitles":["LLMManager","Embedding Provider Order"],"duration":5,"failureDetails":[],"failureMessages":[],"fullName":"LLMManager Embedding Provider Order should get correct embedding provider order","invocations":1,"location":null,"numPassingAsserts":3,"retryReasons":[],"status":"passed","title":"should get correct embedding provider order"},{"ancestorTitles":["LLMManager","Embedding Provider Order"],"duration":2,"failureDetails":[],"failureMessages":[],"fullName":"LLMManager Embedding Provider Order should exclude providers that don't support embeddings","invocations":1,"location":null,"numPassingAsserts":2,"retryReasons":[],"status":"passed","title":"should exclude providers that don't support embeddings"},{"ancestorTitles":["LLMManager","Generate Fallback Order"],"duration":2,"failureDetails":[],"failureMessages":[],"fullName":"LLMManager Generate Fallback Order should generate correct fallback order","invocations":1,"location":null,"numPassingAsserts":4,"retryReasons":[],"status":"passed","title":"should generate correct fallback order"},{"ancestorTitles":["LLMManager","Test Provider"],"duration":1,"failureDetails":[],"failureMessages":[],"fullName":"LLMManager Test Provider should test Claude provider availability","invocations":1,"location":null,"numPassingAsserts":1,"retryReasons":[],"status":"passed","title":"should test Claude provider availability"},{"ancestorTitles":["LLMManager","Test Provider"],"duration":1,"failureDetails":[],"failureMessages":[],"fullName":"LLMManager Test Provider should test OpenAI provider availability","invocations":1,"location":null,"numPassingAsserts":1,"retryReasons":[],"status":"passed","title":"should test OpenAI provider availability"},{"ancestorTitles":["LLMManager","Test Provider"],"duration":1,"failureDetails":[],"failureMessages":[],"fullName":"LLMManager Test Provider should return false for provider without client","invocations":1,"location":null,"numPassingAsserts":1,"retryReasons":[],"status":"passed","title":"should return false for provider without client"},{"ancestorTitles":["LLMManager","Get Available Provider"],"duration":1,"failureDetails":[],"failureMessages":[],"fullName":"LLMManager Get Available Provider should find available provider from fallback list","invocations":1,"location":null,"numPassingAsserts":2,"retryReasons":[],"status":"passed","title":"should find available provider from fallback list"},{"ancestorTitles":["LLMManager","Get Available Provider"],"duration":2,"failureDetails":[],"failureMessages":[],"fullName":"LLMManager Get Available Provider should return null when no providers available","invocations":1,"location":null,"numPassingAsserts":1,"retryReasons":[],"status":"passed","title":"should return null when no providers available"},{"ancestorTitles":["LLMManager","Is Any Provider Available"],"duration":1,"failureDetails":[],"failureMessages":[],"fullName":"LLMManager Is Any Provider Available should return true when at least one provider is available","invocations":1,"location":null,"numPassingAsserts":1,"retryReasons":[],"status":"passed","title":"should return true when at least one provider is available"}],"endTime":1766966896260,"message":"  ● LLMManager › Utility Methods › resolveEmbeddingModelName › should resolve embedding model names correctly\n\n    expect(received).toBe(expected) // Object.is equality\n\n    Expected: \"text-embedding-004\"\n    Received: \"gemini-embedding-001\"\n\n    \u001b[0m \u001b[90m 258 |\u001b[39m         \u001b[90m// Invalid model names should return default (text-embedding-3-large for openai)\u001b[39m\n     \u001b[90m 259 |\u001b[39m         expect(resolve(\u001b[32m'openai'\u001b[39m\u001b[33m,\u001b[39m \u001b[32m'invalid-model'\u001b[39m))\u001b[33m.\u001b[39mtoBe(\u001b[32m'text-embedding-3-large'\u001b[39m)\u001b[33m;\u001b[39m\n    \u001b[31m\u001b[1m>\u001b[22m\u001b[39m\u001b[90m 260 |\u001b[39m         expect(resolve(\u001b[32m'gemini'\u001b[39m\u001b[33m,\u001b[39m \u001b[32m'invalid'\u001b[39m))\u001b[33m.\u001b[39mtoBe(\u001b[32m'text-embedding-004'\u001b[39m)\u001b[33m;\u001b[39m\n     \u001b[90m     |\u001b[39m                                              \u001b[31m\u001b[1m^\u001b[22m\u001b[39m\n     \u001b[90m 261 |\u001b[39m       })\u001b[33m;\u001b[39m\n     \u001b[90m 262 |\u001b[39m\n     \u001b[90m 263 |\u001b[39m       it(\u001b[32m'should return default model when no model provided'\u001b[39m\u001b[33m,\u001b[39m () \u001b[33m=>\u001b[39m {\u001b[0m\n\n      at Object.<anonymous> (src/services/llm-manager.service.unit.test.ts:260:46)\n\n  ● LLMManager › Utility Methods › resolveEmbeddingModelName › should return default model when no model provided\n\n    expect(received).toBe(expected) // Object.is equality\n\n    Expected: \"text-embedding-004\"\n    Received: \"gemini-embedding-001\"\n\n    \u001b[0m \u001b[90m 264 |\u001b[39m         \u001b[36mconst\u001b[39m resolve \u001b[33m=\u001b[39m (manager \u001b[36mas\u001b[39m any)\u001b[33m.\u001b[39mresolveEmbeddingModelName\u001b[33m.\u001b[39mbind(manager)\u001b[33m;\u001b[39m\n     \u001b[90m 265 |\u001b[39m         expect(resolve(\u001b[32m'openai'\u001b[39m))\u001b[33m.\u001b[39mtoBe(\u001b[32m'text-embedding-3-large'\u001b[39m)\u001b[33m;\u001b[39m\n    \u001b[31m\u001b[1m>\u001b[22m\u001b[39m\u001b[90m 266 |\u001b[39m         expect(resolve(\u001b[32m'gemini'\u001b[39m))\u001b[33m.\u001b[39mtoBe(\u001b[32m'text-embedding-004'\u001b[39m)\u001b[33m;\u001b[39m\n     \u001b[90m     |\u001b[39m                                   \u001b[31m\u001b[1m^\u001b[22m\u001b[39m\n     \u001b[90m 267 |\u001b[39m       })\u001b[33m;\u001b[39m\n     \u001b[90m 268 |\u001b[39m\n     \u001b[90m 269 |\u001b[39m       it(\u001b[32m'should handle empty string model'\u001b[39m\u001b[33m,\u001b[39m () \u001b[33m=>\u001b[39m {\u001b[0m\n\n      at Object.<anonymous> (src/services/llm-manager.service.unit.test.ts:266:35)\n\n  ● LLMManager › Utility Methods › resolveEmbeddingModelName › should handle empty string model\n\n    expect(received).toBe(expected) // Object.is equality\n\n    Expected: \"text-embedding-004\"\n    Received: \"gemini-embedding-001\"\n\n    \u001b[0m \u001b[90m 270 |\u001b[39m         \u001b[36mconst\u001b[39m resolve \u001b[33m=\u001b[39m (manager \u001b[36mas\u001b[39m any)\u001b[33m.\u001b[39mresolveEmbeddingModelName\u001b[33m.\u001b[39mbind(manager)\u001b[33m;\u001b[39m\n     \u001b[90m 271 |\u001b[39m         expect(resolve(\u001b[32m'openai'\u001b[39m\u001b[33m,\u001b[39m \u001b[32m''\u001b[39m))\u001b[33m.\u001b[39mtoBe(\u001b[32m'text-embedding-3-large'\u001b[39m)\u001b[33m;\u001b[39m\n    \u001b[31m\u001b[1m>\u001b[22m\u001b[39m\u001b[90m 272 |\u001b[39m         expect(resolve(\u001b[32m'gemini'\u001b[39m\u001b[33m,\u001b[39m \u001b[32m'   '\u001b[39m))\u001b[33m.\u001b[39mtoBe(\u001b[32m'text-embedding-004'\u001b[39m)\u001b[33m;\u001b[39m\n     \u001b[90m     |\u001b[39m                                          \u001b[31m\u001b[1m^\u001b[22m\u001b[39m\n     \u001b[90m 273 |\u001b[39m       })\u001b[33m;\u001b[39m\n     \u001b[90m 274 |\u001b[39m     })\u001b[33m;\u001b[39m\n     \u001b[90m 275 |\u001b[39m\u001b[0m\n\n      at Object.<anonymous> (src/services/llm-manager.service.unit.test.ts:272:42)\n","name":"C:\\xampp\\htdocs\\lsemb\\backend\\src\\services\\llm-manager.service.unit.test.ts","startTime":1766966832881,"status":"failed","summary":""},{"assertionResults":[{"ancestorTitles":["Auth Routes","POST /api/auth/register"],"duration":18,"failureDetails":[{}],"failureMessages":["TypeError: Cannot read properties of undefined (reading 'mockResolvedValueOnce')\n    at Object.<anonymous> (C:\\xampp\\htdocs\\lsemb\\backend\\src\\routes\\auth.routes.spec.ts:47:10)\n    at Promise.then.completed (C:\\xampp\\htdocs\\lsemb\\backend\\node_modules\\jest-circus\\build\\utils.js:298:28)\n    at new Promise (<anonymous>)\n    at callAsyncCircusFn (C:\\xampp\\htdocs\\lsemb\\backend\\node_modules\\jest-circus\\build\\utils.js:231:10)\n    at _callCircusTest (C:\\xampp\\htdocs\\lsemb\\backend\\node_modules\\jest-circus\\build\\run.js:316:40)\n    at processTicksAndRejections (node:internal/process/task_queues:105:5)\n    at _runTest (C:\\xampp\\htdocs\\lsemb\\backend\\node_modules\\jest-circus\\build\\run.js:252:3)\n    at _runTestsForDescribeBlock (C:\\xampp\\htdocs\\lsemb\\backend\\node_modules\\jest-circus\\build\\run.js:126:9)\n    at _runTestsForDescribeBlock (C:\\xampp\\htdocs\\lsemb\\backend\\node_modules\\jest-circus\\build\\run.js:121:9)\n    at _runTestsForDescribeBlock (C:\\xampp\\htdocs\\lsemb\\backend\\node_modules\\jest-circus\\build\\run.js:121:9)\n    at run (C:\\xampp\\htdocs\\lsemb\\backend\\node_modules\\jest-circus\\build\\run.js:71:3)\n    at runAndTransformResultsToJestFormat (C:\\xampp\\htdocs\\lsemb\\backend\\node_modules\\jest-circus\\build\\legacy-code-todo-rewrite\\jestAdapterInit.js:122:21)\n    at jestAdapter (C:\\xampp\\htdocs\\lsemb\\backend\\node_modules\\jest-circus\\build\\legacy-code-todo-rewrite\\jestAdapter.js:79:19)\n    at runTestInternal (C:\\xampp\\htdocs\\lsemb\\backend\\node_modules\\jest-runner\\build\\runTest.js:367:16)\n    at runTest (C:\\xampp\\htdocs\\lsemb\\backend\\node_modules\\jest-runner\\build\\runTest.js:444:34)\n    at Object.worker (C:\\xampp\\htdocs\\lsemb\\backend\\node_modules\\jest-runner\\build\\testWorker.js:106:12)"],"fullName":"Auth Routes POST /api/auth/register should register a new user successfully","invocations":1,"location":null,"numPassingAsserts":0,"retryReasons":[],"status":"failed","title":"should register a new user successfully"},{"ancestorTitles":["Auth Routes","POST /api/auth/register"],"duration":1,"failureDetails":[{}],"failureMessages":["TypeError: Cannot read properties of undefined (reading 'mockResolvedValueOnce')\n    at Object.<anonymous> (C:\\xampp\\htdocs\\lsemb\\backend\\src\\routes\\auth.routes.spec.ts:76:33)\n    at Promise.then.completed (C:\\xampp\\htdocs\\lsemb\\backend\\node_modules\\jest-circus\\build\\utils.js:298:28)\n    at new Promise (<anonymous>)\n    at callAsyncCircusFn (C:\\xampp\\htdocs\\lsemb\\backend\\node_modules\\jest-circus\\build\\utils.js:231:10)\n    at _callCircusTest (C:\\xampp\\htdocs\\lsemb\\backend\\node_modules\\jest-circus\\build\\run.js:316:40)\n    at processTicksAndRejections (node:internal/process/task_queues:105:5)\n    at _runTest (C:\\xampp\\htdocs\\lsemb\\backend\\node_modules\\jest-circus\\build\\run.js:252:3)\n    at _runTestsForDescribeBlock (C:\\xampp\\htdocs\\lsemb\\backend\\node_modules\\jest-circus\\build\\run.js:126:9)\n    at _runTestsForDescribeBlock (C:\\xampp\\htdocs\\lsemb\\backend\\node_modules\\jest-circus\\build\\run.js:121:9)\n    at _runTestsForDescribeBlock (C:\\xampp\\htdocs\\lsemb\\backend\\node_modules\\jest-circus\\build\\run.js:121:9)\n    at run (C:\\xampp\\htdocs\\lsemb\\backend\\node_modules\\jest-circus\\build\\run.js:71:3)\n    at runAndTransformResultsToJestFormat (C:\\xampp\\htdocs\\lsemb\\backend\\node_modules\\jest-circus\\build\\legacy-code-todo-rewrite\\jestAdapterInit.js:122:21)\n    at jestAdapter (C:\\xampp\\htdocs\\lsemb\\backend\\node_modules\\jest-circus\\build\\legacy-code-todo-rewrite\\jestAdapter.js:79:19)\n    at runTestInternal (C:\\xampp\\htdocs\\lsemb\\backend\\node_modules\\jest-runner\\build\\runTest.js:367:16)\n    at runTest (C:\\xampp\\htdocs\\lsemb\\backend\\node_modules\\jest-runner\\build\\runTest.js:444:34)\n    at Object.worker (C:\\xampp\\htdocs\\lsemb\\backend\\node_modules\\jest-runner\\build\\testWorker.js:106:12)"],"fullName":"Auth Routes POST /api/auth/register should return 400 if user already exists","invocations":1,"location":null,"numPassingAsserts":0,"retryReasons":[],"status":"failed","title":"should return 400 if user already exists"},{"ancestorTitles":["Auth Routes","POST /api/auth/login"],"duration":2,"failureDetails":[{}],"failureMessages":["TypeError: Cannot read properties of undefined (reading 'mockResolvedValueOnce')\n    at Object.<anonymous> (C:\\xampp\\htdocs\\lsemb\\backend\\src\\routes\\auth.routes.spec.ts:102:10)\n    at Promise.then.completed (C:\\xampp\\htdocs\\lsemb\\backend\\node_modules\\jest-circus\\build\\utils.js:298:28)\n    at new Promise (<anonymous>)\n    at callAsyncCircusFn (C:\\xampp\\htdocs\\lsemb\\backend\\node_modules\\jest-circus\\build\\utils.js:231:10)\n    at _callCircusTest (C:\\xampp\\htdocs\\lsemb\\backend\\node_modules\\jest-circus\\build\\run.js:316:40)\n    at processTicksAndRejections (node:internal/process/task_queues:105:5)\n    at _runTest (C:\\xampp\\htdocs\\lsemb\\backend\\node_modules\\jest-circus\\build\\run.js:252:3)\n    at _runTestsForDescribeBlock (C:\\xampp\\htdocs\\lsemb\\backend\\node_modules\\jest-circus\\build\\run.js:126:9)\n    at _runTestsForDescribeBlock (C:\\xampp\\htdocs\\lsemb\\backend\\node_modules\\jest-circus\\build\\run.js:121:9)\n    at _runTestsForDescribeBlock (C:\\xampp\\htdocs\\lsemb\\backend\\node_modules\\jest-circus\\build\\run.js:121:9)\n    at run (C:\\xampp\\htdocs\\lsemb\\backend\\node_modules\\jest-circus\\build\\run.js:71:3)\n    at runAndTransformResultsToJestFormat (C:\\xampp\\htdocs\\lsemb\\backend\\node_modules\\jest-circus\\build\\legacy-code-todo-rewrite\\jestAdapterInit.js:122:21)\n    at jestAdapter (C:\\xampp\\htdocs\\lsemb\\backend\\node_modules\\jest-circus\\build\\legacy-code-todo-rewrite\\jestAdapter.js:79:19)\n    at runTestInternal (C:\\xampp\\htdocs\\lsemb\\backend\\node_modules\\jest-runner\\build\\runTest.js:367:16)\n    at runTest (C:\\xampp\\htdocs\\lsemb\\backend\\node_modules\\jest-runner\\build\\runTest.js:444:34)\n    at Object.worker (C:\\xampp\\htdocs\\lsemb\\backend\\node_modules\\jest-runner\\build\\testWorker.js:106:12)"],"fullName":"Auth Routes POST /api/auth/login should login a user successfully","invocations":1,"location":null,"numPassingAsserts":0,"retryReasons":[],"status":"failed","title":"should login a user successfully"},{"ancestorTitles":["Auth Routes","POST /api/auth/login"],"duration":1,"failureDetails":[{}],"failureMessages":["TypeError: Cannot read properties of undefined (reading 'mockResolvedValueOnce')\n    at Object.<anonymous> (C:\\xampp\\htdocs\\lsemb\\backend\\src\\routes\\auth.routes.spec.ts:125:33)\n    at Promise.then.completed (C:\\xampp\\htdocs\\lsemb\\backend\\node_modules\\jest-circus\\build\\utils.js:298:28)\n    at new Promise (<anonymous>)\n    at callAsyncCircusFn (C:\\xampp\\htdocs\\lsemb\\backend\\node_modules\\jest-circus\\build\\utils.js:231:10)\n    at _callCircusTest (C:\\xampp\\htdocs\\lsemb\\backend\\node_modules\\jest-circus\\build\\run.js:316:40)\n    at processTicksAndRejections (node:internal/process/task_queues:105:5)\n    at _runTest (C:\\xampp\\htdocs\\lsemb\\backend\\node_modules\\jest-circus\\build\\run.js:252:3)\n    at _runTestsForDescribeBlock (C:\\xampp\\htdocs\\lsemb\\backend\\node_modules\\jest-circus\\build\\run.js:126:9)\n    at _runTestsForDescribeBlock (C:\\xampp\\htdocs\\lsemb\\backend\\node_modules\\jest-circus\\build\\run.js:121:9)\n    at _runTestsForDescribeBlock (C:\\xampp\\htdocs\\lsemb\\backend\\node_modules\\jest-circus\\build\\run.js:121:9)\n    at run (C:\\xampp\\htdocs\\lsemb\\backend\\node_modules\\jest-circus\\build\\run.js:71:3)\n    at runAndTransformResultsToJestFormat (C:\\xampp\\htdocs\\lsemb\\backend\\node_modules\\jest-circus\\build\\legacy-code-todo-rewrite\\jestAdapterInit.js:122:21)\n    at jestAdapter (C:\\xampp\\htdocs\\lsemb\\backend\\node_modules\\jest-circus\\build\\legacy-code-todo-rewrite\\jestAdapter.js:79:19)\n    at runTestInternal (C:\\xampp\\htdocs\\lsemb\\backend\\node_modules\\jest-runner\\build\\runTest.js:367:16)\n    at runTest (C:\\xampp\\htdocs\\lsemb\\backend\\node_modules\\jest-runner\\build\\runTest.js:444:34)\n    at Object.worker (C:\\xampp\\htdocs\\lsemb\\backend\\node_modules\\jest-runner\\build\\testWorker.js:106:12)"],"fullName":"Auth Routes POST /api/auth/login should return 401 for invalid credentials","invocations":1,"location":null,"numPassingAsserts":0,"retryReasons":[],"status":"failed","title":"should return 401 for invalid credentials"},{"ancestorTitles":["Auth Routes","POST /api/auth/login"],"duration":0,"failureDetails":[{}],"failureMessages":["TypeError: Cannot read properties of undefined (reading 'mockResolvedValueOnce')\n    at Object.<anonymous> (C:\\xampp\\htdocs\\lsemb\\backend\\src\\routes\\auth.routes.spec.ts:140:33)\n    at Promise.then.completed (C:\\xampp\\htdocs\\lsemb\\backend\\node_modules\\jest-circus\\build\\utils.js:298:28)\n    at new Promise (<anonymous>)\n    at callAsyncCircusFn (C:\\xampp\\htdocs\\lsemb\\backend\\node_modules\\jest-circus\\build\\utils.js:231:10)\n    at _callCircusTest (C:\\xampp\\htdocs\\lsemb\\backend\\node_modules\\jest-circus\\build\\run.js:316:40)\n    at processTicksAndRejections (node:internal/process/task_queues:105:5)\n    at _runTest (C:\\xampp\\htdocs\\lsemb\\backend\\node_modules\\jest-circus\\build\\run.js:252:3)\n    at _runTestsForDescribeBlock (C:\\xampp\\htdocs\\lsemb\\backend\\node_modules\\jest-circus\\build\\run.js:126:9)\n    at _runTestsForDescribeBlock (C:\\xampp\\htdocs\\lsemb\\backend\\node_modules\\jest-circus\\build\\run.js:121:9)\n    at _runTestsForDescribeBlock (C:\\xampp\\htdocs\\lsemb\\backend\\node_modules\\jest-circus\\build\\run.js:121:9)\n    at run (C:\\xampp\\htdocs\\lsemb\\backend\\node_modules\\jest-circus\\build\\run.js:71:3)\n    at runAndTransformResultsToJestFormat (C:\\xampp\\htdocs\\lsemb\\backend\\node_modules\\jest-circus\\build\\legacy-code-todo-rewrite\\jestAdapterInit.js:122:21)\n    at jestAdapter (C:\\xampp\\htdocs\\lsemb\\backend\\node_modules\\jest-circus\\build\\legacy-code-todo-rewrite\\jestAdapter.js:79:19)\n    at runTestInternal (C:\\xampp\\htdocs\\lsemb\\backend\\node_modules\\jest-runner\\build\\runTest.js:367:16)\n    at runTest (C:\\xampp\\htdocs\\lsemb\\backend\\node_modules\\jest-runner\\build\\runTest.js:444:34)\n    at Object.worker (C:\\xampp\\htdocs\\lsemb\\backend\\node_modules\\jest-runner\\build\\testWorker.js:106:12)"],"fullName":"Auth Routes POST /api/auth/login should return 401 for wrong password","invocations":1,"location":null,"numPassingAsserts":0,"retryReasons":[],"status":"failed","title":"should return 401 for wrong password"},{"ancestorTitles":["Auth Routes","POST /api/auth/login"],"duration":0,"failureDetails":[{}],"failureMessages":["TypeError: Cannot read properties of undefined (reading 'mockResolvedValueOnce')\n    at Object.<anonymous> (C:\\xampp\\htdocs\\lsemb\\backend\\src\\routes\\auth.routes.spec.ts:153:33)\n    at Promise.then.completed (C:\\xampp\\htdocs\\lsemb\\backend\\node_modules\\jest-circus\\build\\utils.js:298:28)\n    at new Promise (<anonymous>)\n    at callAsyncCircusFn (C:\\xampp\\htdocs\\lsemb\\backend\\node_modules\\jest-circus\\build\\utils.js:231:10)\n    at _callCircusTest (C:\\xampp\\htdocs\\lsemb\\backend\\node_modules\\jest-circus\\build\\run.js:316:40)\n    at processTicksAndRejections (node:internal/process/task_queues:105:5)\n    at _runTest (C:\\xampp\\htdocs\\lsemb\\backend\\node_modules\\jest-circus\\build\\run.js:252:3)\n    at _runTestsForDescribeBlock (C:\\xampp\\htdocs\\lsemb\\backend\\node_modules\\jest-circus\\build\\run.js:126:9)\n    at _runTestsForDescribeBlock (C:\\xampp\\htdocs\\lsemb\\backend\\node_modules\\jest-circus\\build\\run.js:121:9)\n    at _runTestsForDescribeBlock (C:\\xampp\\htdocs\\lsemb\\backend\\node_modules\\jest-circus\\build\\run.js:121:9)\n    at run (C:\\xampp\\htdocs\\lsemb\\backend\\node_modules\\jest-circus\\build\\run.js:71:3)\n    at runAndTransformResultsToJestFormat (C:\\xampp\\htdocs\\lsemb\\backend\\node_modules\\jest-circus\\build\\legacy-code-todo-rewrite\\jestAdapterInit.js:122:21)\n    at jestAdapter (C:\\xampp\\htdocs\\lsemb\\backend\\node_modules\\jest-circus\\build\\legacy-code-todo-rewrite\\jestAdapter.js:79:19)\n    at runTestInternal (C:\\xampp\\htdocs\\lsemb\\backend\\node_modules\\jest-runner\\build\\runTest.js:367:16)\n    at runTest (C:\\xampp\\htdocs\\lsemb\\backend\\node_modules\\jest-runner\\build\\runTest.js:444:34)\n    at Object.worker (C:\\xampp\\htdocs\\lsemb\\backend\\node_modules\\jest-runner\\build\\testWorker.js:106:12)"],"fullName":"Auth Routes POST /api/auth/login should return 403 if user is not active","invocations":1,"location":null,"numPassingAsserts":0,"retryReasons":[],"status":"failed","title":"should return 403 if user is not active"},{"ancestorTitles":["Auth Routes","POST /api/auth/login"],"duration":0,"failureDetails":[{}],"failureMessages":["TypeError: Cannot read properties of undefined (reading 'mockRejectedValue')\n    at Object.<anonymous> (C:\\xampp\\htdocs\\lsemb\\backend\\src\\routes\\auth.routes.spec.ts:164:33)\n    at Promise.then.completed (C:\\xampp\\htdocs\\lsemb\\backend\\node_modules\\jest-circus\\build\\utils.js:298:28)\n    at new Promise (<anonymous>)\n    at callAsyncCircusFn (C:\\xampp\\htdocs\\lsemb\\backend\\node_modules\\jest-circus\\build\\utils.js:231:10)\n    at _callCircusTest (C:\\xampp\\htdocs\\lsemb\\backend\\node_modules\\jest-circus\\build\\run.js:316:40)\n    at processTicksAndRejections (node:internal/process/task_queues:105:5)\n    at _runTest (C:\\xampp\\htdocs\\lsemb\\backend\\node_modules\\jest-circus\\build\\run.js:252:3)\n    at _runTestsForDescribeBlock (C:\\xampp\\htdocs\\lsemb\\backend\\node_modules\\jest-circus\\build\\run.js:126:9)\n    at _runTestsForDescribeBlock (C:\\xampp\\htdocs\\lsemb\\backend\\node_modules\\jest-circus\\build\\run.js:121:9)\n    at _runTestsForDescribeBlock (C:\\xampp\\htdocs\\lsemb\\backend\\node_modules\\jest-circus\\build\\run.js:121:9)\n    at run (C:\\xampp\\htdocs\\lsemb\\backend\\node_modules\\jest-circus\\build\\run.js:71:3)\n    at runAndTransformResultsToJestFormat (C:\\xampp\\htdocs\\lsemb\\backend\\node_modules\\jest-circus\\build\\legacy-code-todo-rewrite\\jestAdapterInit.js:122:21)\n    at jestAdapter (C:\\xampp\\htdocs\\lsemb\\backend\\node_modules\\jest-circus\\build\\legacy-code-todo-rewrite\\jestAdapter.js:79:19)\n    at runTestInternal (C:\\xampp\\htdocs\\lsemb\\backend\\node_modules\\jest-runner\\build\\runTest.js:367:16)\n    at runTest (C:\\xampp\\htdocs\\lsemb\\backend\\node_modules\\jest-runner\\build\\runTest.js:444:34)\n    at Object.worker (C:\\xampp\\htdocs\\lsemb\\backend\\node_modules\\jest-runner\\build\\testWorker.js:106:12)"],"fullName":"Auth Routes POST /api/auth/login should return 500 on login db error","invocations":1,"location":null,"numPassingAsserts":0,"retryReasons":[],"status":"failed","title":"should return 500 on login db error"},{"ancestorTitles":["Auth Routes","POST /api/auth/logout"],"duration":1,"failureDetails":[{}],"failureMessages":["TypeError: Cannot read properties of undefined (reading 'mockResolvedValueOnce')\n    at Object.<anonymous> (C:\\xampp\\htdocs\\lsemb\\backend\\src\\routes\\auth.routes.spec.ts:177:33)\n    at Promise.then.completed (C:\\xampp\\htdocs\\lsemb\\backend\\node_modules\\jest-circus\\build\\utils.js:298:28)\n    at new Promise (<anonymous>)\n    at callAsyncCircusFn (C:\\xampp\\htdocs\\lsemb\\backend\\node_modules\\jest-circus\\build\\utils.js:231:10)\n    at _callCircusTest (C:\\xampp\\htdocs\\lsemb\\backend\\node_modules\\jest-circus\\build\\run.js:316:40)\n    at processTicksAndRejections (node:internal/process/task_queues:105:5)\n    at _runTest (C:\\xampp\\htdocs\\lsemb\\backend\\node_modules\\jest-circus\\build\\run.js:252:3)\n    at _runTestsForDescribeBlock (C:\\xampp\\htdocs\\lsemb\\backend\\node_modules\\jest-circus\\build\\run.js:126:9)\n    at _runTestsForDescribeBlock (C:\\xampp\\htdocs\\lsemb\\backend\\node_modules\\jest-circus\\build\\run.js:121:9)\n    at _runTestsForDescribeBlock (C:\\xampp\\htdocs\\lsemb\\backend\\node_modules\\jest-circus\\build\\run.js:121:9)\n    at run (C:\\xampp\\htdocs\\lsemb\\backend\\node_modules\\jest-circus\\build\\run.js:71:3)\n    at runAndTransformResultsToJestFormat (C:\\xampp\\htdocs\\lsemb\\backend\\node_modules\\jest-circus\\build\\legacy-code-todo-rewrite\\jestAdapterInit.js:122:21)\n    at jestAdapter (C:\\xampp\\htdocs\\lsemb\\backend\\node_modules\\jest-circus\\build\\legacy-code-todo-rewrite\\jestAdapter.js:79:19)\n    at runTestInternal (C:\\xampp\\htdocs\\lsemb\\backend\\node_modules\\jest-runner\\build\\runTest.js:367:16)\n    at runTest (C:\\xampp\\htdocs\\lsemb\\backend\\node_modules\\jest-runner\\build\\runTest.js:444:34)\n    at Object.worker (C:\\xampp\\htdocs\\lsemb\\backend\\node_modules\\jest-runner\\build\\testWorker.js:106:12)"],"fullName":"Auth Routes POST /api/auth/logout should logout successfully","invocations":1,"location":null,"numPassingAsserts":0,"retryReasons":[],"status":"failed","title":"should logout successfully"},{"ancestorTitles":["Auth Routes","POST /api/auth/refresh"],"duration":null,"failureDetails":[],"failureMessages":[],"fullName":"Auth Routes POST /api/auth/refresh should refresh token successfully","invocations":1,"location":null,"numPassingAsserts":0,"retryReasons":[],"status":"pending","title":"should refresh token successfully"},{"ancestorTitles":["Auth Routes","POST /api/auth/refresh"],"duration":94,"failureDetails":[],"failureMessages":[],"fullName":"Auth Routes POST /api/auth/refresh should return 401 for invalid refresh token","invocations":1,"location":null,"numPassingAsserts":1,"retryReasons":[],"status":"passed","title":"should return 401 for invalid refresh token"},{"ancestorTitles":["Auth Routes","GET /api/auth/verify"],"duration":0,"failureDetails":[{}],"failureMessages":["TypeError: Cannot read properties of undefined (reading 'mockResolvedValueOnce')\n    at Object.<anonymous> (C:\\xampp\\htdocs\\lsemb\\backend\\src\\routes\\auth.routes.spec.ts:228:10)\n    at Promise.then.completed (C:\\xampp\\htdocs\\lsemb\\backend\\node_modules\\jest-circus\\build\\utils.js:298:28)\n    at new Promise (<anonymous>)\n    at callAsyncCircusFn (C:\\xampp\\htdocs\\lsemb\\backend\\node_modules\\jest-circus\\build\\utils.js:231:10)\n    at _callCircusTest (C:\\xampp\\htdocs\\lsemb\\backend\\node_modules\\jest-circus\\build\\run.js:316:40)\n    at processTicksAndRejections (node:internal/process/task_queues:105:5)\n    at _runTest (C:\\xampp\\htdocs\\lsemb\\backend\\node_modules\\jest-circus\\build\\run.js:252:3)\n    at _runTestsForDescribeBlock (C:\\xampp\\htdocs\\lsemb\\backend\\node_modules\\jest-circus\\build\\run.js:126:9)\n    at _runTestsForDescribeBlock (C:\\xampp\\htdocs\\lsemb\\backend\\node_modules\\jest-circus\\build\\run.js:121:9)\n    at _runTestsForDescribeBlock (C:\\xampp\\htdocs\\lsemb\\backend\\node_modules\\jest-circus\\build\\run.js:121:9)\n    at run (C:\\xampp\\htdocs\\lsemb\\backend\\node_modules\\jest-circus\\build\\run.js:71:3)\n    at runAndTransformResultsToJestFormat (C:\\xampp\\htdocs\\lsemb\\backend\\node_modules\\jest-circus\\build\\legacy-code-todo-rewrite\\jestAdapterInit.js:122:21)\n    at jestAdapter (C:\\xampp\\htdocs\\lsemb\\backend\\node_modules\\jest-circus\\build\\legacy-code-todo-rewrite\\jestAdapter.js:79:19)\n    at runTestInternal (C:\\xampp\\htdocs\\lsemb\\backend\\node_modules\\jest-runner\\build\\runTest.js:367:16)\n    at runTest (C:\\xampp\\htdocs\\lsemb\\backend\\node_modules\\jest-runner\\build\\runTest.js:444:34)\n    at Object.worker (C:\\xampp\\htdocs\\lsemb\\backend\\node_modules\\jest-runner\\build\\testWorker.js:106:12)"],"fullName":"Auth Routes GET /api/auth/verify should verify token successfully","invocations":1,"location":null,"numPassingAsserts":0,"retryReasons":[],"status":"failed","title":"should verify token successfully"},{"ancestorTitles":["Auth Routes","GET /api/auth/verify"],"duration":12,"failureDetails":[],"failureMessages":[],"fullName":"Auth Routes GET /api/auth/verify should return 401 for invalid token","invocations":1,"location":null,"numPassingAsserts":1,"retryReasons":[],"status":"passed","title":"should return 401 for invalid token"}],"endTime":1766966907158,"message":"  ● Auth Routes › POST /api/auth/register › should register a new user successfully\n\n    TypeError: Cannot read properties of undefined (reading 'mockResolvedValueOnce')\n\n    \u001b[0m \u001b[90m 45 |\u001b[39m       \u001b[90m// Mock veritabanı cevapları\u001b[39m\n     \u001b[90m 46 |\u001b[39m       (pool\u001b[33m.\u001b[39mquery \u001b[36mas\u001b[39m jest\u001b[33m.\u001b[39m\u001b[33mMock\u001b[39m)\n    \u001b[31m\u001b[1m>\u001b[22m\u001b[39m\u001b[90m 47 |\u001b[39m         \u001b[33m.\u001b[39mmockResolvedValueOnce({ rows\u001b[33m:\u001b[39m [] }) \u001b[90m// Kullanıcı yok\u001b[39m\n     \u001b[90m    |\u001b[39m          \u001b[31m\u001b[1m^\u001b[22m\u001b[39m\n     \u001b[90m 48 |\u001b[39m         \u001b[33m.\u001b[39mmockResolvedValueOnce({ rows\u001b[33m:\u001b[39m [{ id\u001b[33m:\u001b[39m \u001b[35m1\u001b[39m\u001b[33m,\u001b[39m email\u001b[33m:\u001b[39m \u001b[32m'test@example.com'\u001b[39m\u001b[33m,\u001b[39m name\u001b[33m:\u001b[39m \u001b[32m'Test User'\u001b[39m\u001b[33m,\u001b[39m role\u001b[33m:\u001b[39m \u001b[32m'user'\u001b[39m }] }) \u001b[90m// Yeni kullanıcı oluşturuldu\u001b[39m\n     \u001b[90m 49 |\u001b[39m         \u001b[33m.\u001b[39mmockResolvedValueOnce({ rows\u001b[33m:\u001b[39m [] }) \u001b[90m// Profil oluşturuldu\u001b[39m\n     \u001b[90m 50 |\u001b[39m         \u001b[33m.\u001b[39mmockResolvedValueOnce({ rows\u001b[33m:\u001b[39m [{ id\u001b[33m:\u001b[39m \u001b[35m1\u001b[39m }] }) \u001b[90m// Ücretsiz plan bulundu\u001b[39m\u001b[0m\n\n      at Object.<anonymous> (src/routes/auth.routes.spec.ts:47:10)\n\n  ● Auth Routes › POST /api/auth/register › should return 400 if user already exists\n\n    TypeError: Cannot read properties of undefined (reading 'mockResolvedValueOnce')\n\n    \u001b[0m \u001b[90m 74 |\u001b[39m\n     \u001b[90m 75 |\u001b[39m     it(\u001b[32m'should return 400 if user already exists'\u001b[39m\u001b[33m,\u001b[39m \u001b[36masync\u001b[39m () \u001b[33m=>\u001b[39m {\n    \u001b[31m\u001b[1m>\u001b[22m\u001b[39m\u001b[90m 76 |\u001b[39m       (pool\u001b[33m.\u001b[39mquery \u001b[36mas\u001b[39m jest\u001b[33m.\u001b[39m\u001b[33mMock\u001b[39m)\u001b[33m.\u001b[39mmockResolvedValueOnce({ rows\u001b[33m:\u001b[39m [{ id\u001b[33m:\u001b[39m \u001b[35m1\u001b[39m }] })\u001b[33m;\u001b[39m \u001b[90m// Kullanıcı var\u001b[39m\n     \u001b[90m    |\u001b[39m                                 \u001b[31m\u001b[1m^\u001b[22m\u001b[39m\n     \u001b[90m 77 |\u001b[39m\n     \u001b[90m 78 |\u001b[39m       \u001b[36mconst\u001b[39m res \u001b[33m=\u001b[39m \u001b[36mawait\u001b[39m request(app)\n     \u001b[90m 79 |\u001b[39m         \u001b[33m.\u001b[39mpost(\u001b[32m'/api/auth/register'\u001b[39m)\u001b[0m\n\n      at Object.<anonymous> (src/routes/auth.routes.spec.ts:76:33)\n\n  ● Auth Routes › POST /api/auth/login › should login a user successfully\n\n    TypeError: Cannot read properties of undefined (reading 'mockResolvedValueOnce')\n\n    \u001b[0m \u001b[90m 100 |\u001b[39m       }\u001b[33m;\u001b[39m\n     \u001b[90m 101 |\u001b[39m       (pool\u001b[33m.\u001b[39mquery \u001b[36mas\u001b[39m jest\u001b[33m.\u001b[39m\u001b[33mMock\u001b[39m)\n    \u001b[31m\u001b[1m>\u001b[22m\u001b[39m\u001b[90m 102 |\u001b[39m         \u001b[33m.\u001b[39mmockResolvedValueOnce({ rows\u001b[33m:\u001b[39m [mockUser] }) \u001b[90m// Kullanıcı bulundu\u001b[39m\n     \u001b[90m     |\u001b[39m          \u001b[31m\u001b[1m^\u001b[22m\u001b[39m\n     \u001b[90m 103 |\u001b[39m         \u001b[33m.\u001b[39mmockResolvedValueOnce({ rows\u001b[33m:\u001b[39m [] }) \u001b[90m// Son giriş güncellendi\u001b[39m\n     \u001b[90m 104 |\u001b[39m         \u001b[33m.\u001b[39mmockResolvedValueOnce({ rows\u001b[33m:\u001b[39m [] }) \u001b[90m// Oturum kaydedildi\u001b[39m\n     \u001b[90m 105 |\u001b[39m         \u001b[33m.\u001b[39mmockResolvedValueOnce({ rows\u001b[33m:\u001b[39m [] }) \u001b[90m// Aktivite loglandı\u001b[39m\u001b[0m\n\n      at Object.<anonymous> (src/routes/auth.routes.spec.ts:102:10)\n\n  ● Auth Routes › POST /api/auth/login › should return 401 for invalid credentials\n\n    TypeError: Cannot read properties of undefined (reading 'mockResolvedValueOnce')\n\n    \u001b[0m \u001b[90m 123 |\u001b[39m\n     \u001b[90m 124 |\u001b[39m     it(\u001b[32m'should return 401 for invalid credentials'\u001b[39m\u001b[33m,\u001b[39m \u001b[36masync\u001b[39m () \u001b[33m=>\u001b[39m {\n    \u001b[31m\u001b[1m>\u001b[22m\u001b[39m\u001b[90m 125 |\u001b[39m       (pool\u001b[33m.\u001b[39mquery \u001b[36mas\u001b[39m jest\u001b[33m.\u001b[39m\u001b[33mMock\u001b[39m)\u001b[33m.\u001b[39mmockResolvedValueOnce({ rows\u001b[33m:\u001b[39m [] })\u001b[33m;\u001b[39m \u001b[90m// Kullanıcı bulunamadı\u001b[39m\n     \u001b[90m     |\u001b[39m                                 \u001b[31m\u001b[1m^\u001b[22m\u001b[39m\n     \u001b[90m 126 |\u001b[39m\n     \u001b[90m 127 |\u001b[39m       \u001b[36mconst\u001b[39m res \u001b[33m=\u001b[39m \u001b[36mawait\u001b[39m request(app)\n     \u001b[90m 128 |\u001b[39m         \u001b[33m.\u001b[39mpost(\u001b[32m'/api/auth/login'\u001b[39m)\u001b[0m\n\n      at Object.<anonymous> (src/routes/auth.routes.spec.ts:125:33)\n\n  ● Auth Routes › POST /api/auth/login › should return 401 for wrong password\n\n    TypeError: Cannot read properties of undefined (reading 'mockResolvedValueOnce')\n\n    \u001b[0m \u001b[90m 138 |\u001b[39m     it(\u001b[32m'should return 401 for wrong password'\u001b[39m\u001b[33m,\u001b[39m \u001b[36masync\u001b[39m () \u001b[33m=>\u001b[39m {\n     \u001b[90m 139 |\u001b[39m       \u001b[36mconst\u001b[39m mockUser \u001b[33m=\u001b[39m { id\u001b[33m:\u001b[39m \u001b[35m1\u001b[39m\u001b[33m,\u001b[39m email\u001b[33m:\u001b[39m \u001b[32m'test@example.com'\u001b[39m\u001b[33m,\u001b[39m password\u001b[33m:\u001b[39m \u001b[32m'hashedpassword'\u001b[39m\u001b[33m,\u001b[39m status\u001b[33m:\u001b[39m \u001b[32m'active'\u001b[39m }\u001b[33m;\u001b[39m\n    \u001b[31m\u001b[1m>\u001b[22m\u001b[39m\u001b[90m 140 |\u001b[39m       (pool\u001b[33m.\u001b[39mquery \u001b[36mas\u001b[39m jest\u001b[33m.\u001b[39m\u001b[33mMock\u001b[39m)\u001b[33m.\u001b[39mmockResolvedValueOnce({ rows\u001b[33m:\u001b[39m [mockUser] })\u001b[33m;\u001b[39m\n     \u001b[90m     |\u001b[39m                                 \u001b[31m\u001b[1m^\u001b[22m\u001b[39m\n     \u001b[90m 141 |\u001b[39m       (bcrypt\u001b[33m.\u001b[39mcompare \u001b[36mas\u001b[39m jest\u001b[33m.\u001b[39m\u001b[33mMock\u001b[39m)\u001b[33m.\u001b[39mmockResolvedValue(\u001b[36mfalse\u001b[39m)\u001b[33m;\u001b[39m \u001b[90m// Şifre eşleşmedi\u001b[39m\n     \u001b[90m 142 |\u001b[39m\n     \u001b[90m 143 |\u001b[39m       \u001b[36mconst\u001b[39m res \u001b[33m=\u001b[39m \u001b[36mawait\u001b[39m request(app)\u001b[0m\n\n      at Object.<anonymous> (src/routes/auth.routes.spec.ts:140:33)\n\n  ● Auth Routes › POST /api/auth/login › should return 403 if user is not active\n\n    TypeError: Cannot read properties of undefined (reading 'mockResolvedValueOnce')\n\n    \u001b[0m \u001b[90m 151 |\u001b[39m     it(\u001b[32m'should return 403 if user is not active'\u001b[39m\u001b[33m,\u001b[39m \u001b[36masync\u001b[39m () \u001b[33m=>\u001b[39m {\n     \u001b[90m 152 |\u001b[39m       \u001b[36mconst\u001b[39m mockUser \u001b[33m=\u001b[39m { id\u001b[33m:\u001b[39m \u001b[35m1\u001b[39m\u001b[33m,\u001b[39m email\u001b[33m:\u001b[39m \u001b[32m'test@example.com'\u001b[39m\u001b[33m,\u001b[39m password\u001b[33m:\u001b[39m \u001b[32m'hashedpassword'\u001b[39m\u001b[33m,\u001b[39m status\u001b[33m:\u001b[39m \u001b[32m'inactive'\u001b[39m }\u001b[33m;\u001b[39m\n    \u001b[31m\u001b[1m>\u001b[22m\u001b[39m\u001b[90m 153 |\u001b[39m       (pool\u001b[33m.\u001b[39mquery \u001b[36mas\u001b[39m jest\u001b[33m.\u001b[39m\u001b[33mMock\u001b[39m)\u001b[33m.\u001b[39mmockResolvedValueOnce({ rows\u001b[33m:\u001b[39m [mockUser] })\u001b[33m;\u001b[39m\n     \u001b[90m     |\u001b[39m                                 \u001b[31m\u001b[1m^\u001b[22m\u001b[39m\n     \u001b[90m 154 |\u001b[39m\n     \u001b[90m 155 |\u001b[39m       \u001b[36mconst\u001b[39m res \u001b[33m=\u001b[39m \u001b[36mawait\u001b[39m request(app)\n     \u001b[90m 156 |\u001b[39m         \u001b[33m.\u001b[39mpost(\u001b[32m'/api/auth/login'\u001b[39m)\u001b[0m\n\n      at Object.<anonymous> (src/routes/auth.routes.spec.ts:153:33)\n\n  ● Auth Routes › POST /api/auth/login › should return 500 on login db error\n\n    TypeError: Cannot read properties of undefined (reading 'mockRejectedValue')\n\n    \u001b[0m \u001b[90m 162 |\u001b[39m\n     \u001b[90m 163 |\u001b[39m     it(\u001b[32m'should return 500 on login db error'\u001b[39m\u001b[33m,\u001b[39m \u001b[36masync\u001b[39m () \u001b[33m=>\u001b[39m {\n    \u001b[31m\u001b[1m>\u001b[22m\u001b[39m\u001b[90m 164 |\u001b[39m       (pool\u001b[33m.\u001b[39mquery \u001b[36mas\u001b[39m jest\u001b[33m.\u001b[39m\u001b[33mMock\u001b[39m)\u001b[33m.\u001b[39mmockRejectedValue(\u001b[36mnew\u001b[39m \u001b[33mError\u001b[39m(\u001b[32m'DB Error'\u001b[39m))\u001b[33m;\u001b[39m\n     \u001b[90m     |\u001b[39m                                 \u001b[31m\u001b[1m^\u001b[22m\u001b[39m\n     \u001b[90m 165 |\u001b[39m\n     \u001b[90m 166 |\u001b[39m       \u001b[36mconst\u001b[39m res \u001b[33m=\u001b[39m \u001b[36mawait\u001b[39m request(app)\n     \u001b[90m 167 |\u001b[39m         \u001b[33m.\u001b[39mpost(\u001b[32m'/api/auth/login'\u001b[39m)\u001b[0m\n\n      at Object.<anonymous> (src/routes/auth.routes.spec.ts:164:33)\n\n  ● Auth Routes › POST /api/auth/logout › should logout successfully\n\n    TypeError: Cannot read properties of undefined (reading 'mockResolvedValueOnce')\n\n    \u001b[0m \u001b[90m 175 |\u001b[39m   describe(\u001b[32m'POST /api/auth/logout'\u001b[39m\u001b[33m,\u001b[39m () \u001b[33m=>\u001b[39m {\n     \u001b[90m 176 |\u001b[39m     it(\u001b[32m'should logout successfully'\u001b[39m\u001b[33m,\u001b[39m \u001b[36masync\u001b[39m () \u001b[33m=>\u001b[39m {\n    \u001b[31m\u001b[1m>\u001b[22m\u001b[39m\u001b[90m 177 |\u001b[39m       (pool\u001b[33m.\u001b[39mquery \u001b[36mas\u001b[39m jest\u001b[33m.\u001b[39m\u001b[33mMock\u001b[39m)\u001b[33m.\u001b[39mmockResolvedValueOnce({ rows\u001b[33m:\u001b[39m [] })\u001b[33m;\u001b[39m\n     \u001b[90m     |\u001b[39m                                 \u001b[31m\u001b[1m^\u001b[22m\u001b[39m\n     \u001b[90m 178 |\u001b[39m       \u001b[36mconst\u001b[39m res \u001b[33m=\u001b[39m \u001b[36mawait\u001b[39m request(app)\n     \u001b[90m 179 |\u001b[39m         \u001b[33m.\u001b[39mpost(\u001b[32m'/api/auth/logout'\u001b[39m)\n     \u001b[90m 180 |\u001b[39m         \u001b[33m.\u001b[39m\u001b[36mset\u001b[39m(\u001b[32m'Authorization'\u001b[39m\u001b[33m,\u001b[39m \u001b[32m'Bearer testtoken'\u001b[39m)\u001b[33m;\u001b[39m\u001b[0m\n\n      at Object.<anonymous> (src/routes/auth.routes.spec.ts:177:33)\n\n  ● Auth Routes › GET /api/auth/verify › should verify token successfully\n\n    TypeError: Cannot read properties of undefined (reading 'mockResolvedValueOnce')\n\n    \u001b[0m \u001b[90m 226 |\u001b[39m       (jwt\u001b[33m.\u001b[39mverify \u001b[36mas\u001b[39m jest\u001b[33m.\u001b[39m\u001b[33mMock\u001b[39m)\u001b[33m.\u001b[39mmockReturnValue(decodedToken)\u001b[33m;\u001b[39m\n     \u001b[90m 227 |\u001b[39m       (pool\u001b[33m.\u001b[39mquery \u001b[36mas\u001b[39m jest\u001b[33m.\u001b[39m\u001b[33mMock\u001b[39m)\n    \u001b[31m\u001b[1m>\u001b[22m\u001b[39m\u001b[90m 228 |\u001b[39m         \u001b[33m.\u001b[39mmockResolvedValueOnce({ rows\u001b[33m:\u001b[39m [{ id\u001b[33m:\u001b[39m \u001b[35m1\u001b[39m }] }) \u001b[90m// Session found\u001b[39m\n     \u001b[90m     |\u001b[39m          \u001b[31m\u001b[1m^\u001b[22m\u001b[39m\n     \u001b[90m 229 |\u001b[39m         \u001b[33m.\u001b[39mmockResolvedValueOnce({ rows\u001b[33m:\u001b[39m [mockUser] })\u001b[33m;\u001b[39m \u001b[90m// User found\u001b[39m\n     \u001b[90m 230 |\u001b[39m\n     \u001b[90m 231 |\u001b[39m       \u001b[36mconst\u001b[39m res \u001b[33m=\u001b[39m \u001b[36mawait\u001b[39m request(app)\u001b[0m\n\n      at Object.<anonymous> (src/routes/auth.routes.spec.ts:228:10)\n","name":"C:\\xampp\\htdocs\\lsemb\\backend\\src\\routes\\auth.routes.spec.ts","startTime":1766966833117,"status":"failed","summary":""},{"assertionResults":[{"ancestorTitles":["SemanticSearchService","Constructor"],"duration":52,"failureDetails":[],"failureMessages":[],"fullName":"SemanticSearchService Constructor should initialize with provided dependencies","invocations":1,"location":null,"numPassingAsserts":2,"retryReasons":[],"status":"passed","title":"should initialize with provided dependencies"},{"ancestorTitles":["SemanticSearchService","Constructor"],"duration":13,"failureDetails":[],"failureMessages":[],"fullName":"SemanticSearchService Constructor should use default dependencies if none provided","invocations":1,"location":null,"numPassingAsserts":1,"retryReasons":[],"status":"passed","title":"should use default dependencies if none provided"},{"ancestorTitles":["SemanticSearchService","generateEmbedding"],"duration":193,"failureDetails":[],"failureMessages":[],"fullName":"SemanticSearchService generateEmbedding should generate embedding for text","invocations":1,"location":null,"numPassingAsserts":2,"retryReasons":[],"status":"passed","title":"should generate embedding for text"},{"ancestorTitles":["SemanticSearchService","generateEmbedding"],"duration":20,"failureDetails":[],"failureMessages":[],"fullName":"SemanticSearchService generateEmbedding should use cached embedding if available","invocations":1,"location":null,"numPassingAsserts":2,"retryReasons":[],"status":"passed","title":"should use cached embedding if available"},{"ancestorTitles":["SemanticSearchService","generateEmbedding"],"duration":57,"failureDetails":[],"failureMessages":[],"fullName":"SemanticSearchService generateEmbedding should handle embedding generation errors","invocations":1,"location":null,"numPassingAsserts":1,"retryReasons":[],"status":"passed","title":"should handle embedding generation errors"},{"ancestorTitles":["SemanticSearchService","generateEmbedding"],"duration":26,"failureDetails":[],"failureMessages":[],"fullName":"SemanticSearchService generateEmbedding should clean old embedding cache entries","invocations":1,"location":null,"numPassingAsserts":1,"retryReasons":[],"status":"passed","title":"should clean old embedding cache entries"},{"ancestorTitles":["SemanticSearchService","keywordSearch"],"duration":218,"failureDetails":[],"failureMessages":[],"fullName":"SemanticSearchService keywordSearch should perform keyword search","invocations":1,"location":null,"numPassingAsserts":3,"retryReasons":[],"status":"passed","title":"should perform keyword search"},{"ancestorTitles":["SemanticSearchService","keywordSearch"],"duration":16,"failureDetails":[],"failureMessages":[],"fullName":"SemanticSearchService keywordSearch should handle empty results","invocations":1,"location":null,"numPassingAsserts":1,"retryReasons":[],"status":"passed","title":"should handle empty results"},{"ancestorTitles":["SemanticSearchService","keywordSearch"],"duration":27,"failureDetails":[],"failureMessages":[],"fullName":"SemanticSearchService keywordSearch should handle database errors gracefully","invocations":1,"location":null,"numPassingAsserts":1,"retryReasons":[],"status":"passed","title":"should handle database errors gracefully"},{"ancestorTitles":["SemanticSearchService","semanticSearch"],"duration":39,"failureDetails":[],"failureMessages":[],"fullName":"SemanticSearchService semanticSearch should perform semantic search with embeddings","invocations":1,"location":null,"numPassingAsserts":3,"retryReasons":[],"status":"passed","title":"should perform semantic search with embeddings"},{"ancestorTitles":["SemanticSearchService","semanticSearch"],"duration":31,"failureDetails":[],"failureMessages":[],"fullName":"SemanticSearchService semanticSearch should fall back to keyword search when no embeddings exist","invocations":1,"location":null,"numPassingAsserts":2,"retryReasons":[],"status":"passed","title":"should fall back to keyword search when no embeddings exist"},{"ancestorTitles":["SemanticSearchService","semanticSearch"],"duration":30,"failureDetails":[],"failureMessages":[],"fullName":"SemanticSearchService semanticSearch should handle search errors and fall back to keyword search","invocations":1,"location":null,"numPassingAsserts":2,"retryReasons":[],"status":"passed","title":"should handle search errors and fall back to keyword search"},{"ancestorTitles":["SemanticSearchService","Result Limits"],"duration":24,"failureDetails":[],"failureMessages":[],"fullName":"SemanticSearchService Result Limits should enforce maximum result limits","invocations":1,"location":null,"numPassingAsserts":1,"retryReasons":[],"status":"passed","title":"should enforce maximum result limits"},{"ancestorTitles":["SemanticSearchService","Result Limits"],"duration":33,"failureDetails":[],"failureMessages":[],"fullName":"SemanticSearchService Result Limits should enforce minimum result limits","invocations":1,"location":null,"numPassingAsserts":1,"retryReasons":[],"status":"passed","title":"should enforce minimum result limits"},{"ancestorTitles":["SemanticSearchService","Cache Integration"],"duration":31,"failureDetails":[],"failureMessages":[],"fullName":"SemanticSearchService Cache Integration should use Redis cache when available","invocations":1,"location":null,"numPassingAsserts":1,"retryReasons":[],"status":"passed","title":"should use Redis cache when available"},{"ancestorTitles":["SemanticSearchService","Cache Integration"],"duration":21,"failureDetails":[],"failureMessages":[],"fullName":"SemanticSearchService Cache Integration should get cache statistics","invocations":1,"location":null,"numPassingAsserts":3,"retryReasons":[],"status":"passed","title":"should get cache statistics"},{"ancestorTitles":["SemanticSearchService","Error Handling"],"duration":29,"failureDetails":[],"failureMessages":[],"fullName":"SemanticSearchService Error Handling should handle database connection errors gracefully","invocations":1,"location":null,"numPassingAsserts":1,"retryReasons":[],"status":"passed","title":"should handle database connection errors gracefully"},{"ancestorTitles":["SemanticSearchService","Error Handling"],"duration":20,"failureDetails":[],"failureMessages":[],"fullName":"SemanticSearchService Error Handling should continue working if Redis is unavailable","invocations":1,"location":null,"numPassingAsserts":1,"retryReasons":[],"status":"passed","title":"should continue working if Redis is unavailable"},{"ancestorTitles":["SemanticSearchService","Settings Management"],"duration":129,"failureDetails":[],"failureMessages":[],"fullName":"SemanticSearchService Settings Management should load RAG settings from database","invocations":1,"location":null,"numPassingAsserts":1,"retryReasons":[],"status":"passed","title":"should load RAG settings from database"},{"ancestorTitles":["SemanticSearchService","Settings Management"],"duration":75,"failureDetails":[],"failureMessages":[],"fullName":"SemanticSearchService Settings Management should handle database errors when loading RAG settings","invocations":1,"location":null,"numPassingAsserts":2,"retryReasons":[],"status":"passed","title":"should handle database errors when loading RAG settings"},{"ancestorTitles":["SemanticSearchService","Settings Management"],"duration":26,"failureDetails":[],"failureMessages":[],"fullName":"SemanticSearchService Settings Management should use default RAG settings when database unavailable","invocations":1,"location":null,"numPassingAsserts":1,"retryReasons":[],"status":"passed","title":"should use default RAG settings when database unavailable"},{"ancestorTitles":["SemanticSearchService","Source Summary Generation"],"duration":21,"failureDetails":[],"failureMessages":[],"fullName":"SemanticSearchService Source Summary Generation should generate summary for source with LLM","invocations":1,"location":null,"numPassingAsserts":3,"retryReasons":[],"status":"passed","title":"should generate summary for source with LLM"},{"ancestorTitles":["SemanticSearchService","Source Summary Generation"],"duration":16,"failureDetails":[],"failureMessages":[],"fullName":"SemanticSearchService Source Summary Generation should handle LLM errors gracefully when generating summary","invocations":1,"location":null,"numPassingAsserts":2,"retryReasons":[],"status":"passed","title":"should handle LLM errors gracefully when generating summary"},{"ancestorTitles":["SemanticSearchService","Source Summary Generation"],"duration":15,"failureDetails":[],"failureMessages":[],"fullName":"SemanticSearchService Source Summary Generation should handle sources without content","invocations":1,"location":null,"numPassingAsserts":1,"retryReasons":[],"status":"passed","title":"should handle sources without content"},{"ancestorTitles":["SemanticSearchService","Utility Methods"],"duration":25,"failureDetails":[],"failureMessages":[],"fullName":"SemanticSearchService Utility Methods should normalize provider names correctly","invocations":1,"location":null,"numPassingAsserts":5,"retryReasons":[],"status":"passed","title":"should normalize provider names correctly"},{"ancestorTitles":["SemanticSearchService","Utility Methods"],"duration":17,"failureDetails":[],"failureMessages":[],"fullName":"SemanticSearchService Utility Methods should return default embedding models for providers","invocations":1,"location":null,"numPassingAsserts":4,"retryReasons":[],"status":"passed","title":"should return default embedding models for providers"},{"ancestorTitles":["SemanticSearchService","Utility Methods"],"duration":20,"failureDetails":[],"failureMessages":[],"fullName":"SemanticSearchService Utility Methods should apply result limits correctly","invocations":1,"location":null,"numPassingAsserts":5,"retryReasons":[],"status":"passed","title":"should apply result limits correctly"},{"ancestorTitles":["SemanticSearchService","Utility Methods"],"duration":31,"failureDetails":[],"failureMessages":[],"fullName":"SemanticSearchService Utility Methods should parse boolean settings correctly","invocations":1,"location":null,"numPassingAsserts":21,"retryReasons":[],"status":"passed","title":"should parse boolean settings correctly"},{"ancestorTitles":["SemanticSearchService","Utility Methods"],"duration":15,"failureDetails":[],"failureMessages":[],"fullName":"SemanticSearchService Utility Methods should return parallel LLM count","invocations":1,"location":null,"numPassingAsserts":2,"retryReasons":[],"status":"passed","title":"should return parallel LLM count"},{"ancestorTitles":["SemanticSearchService","Utility Methods"],"duration":17,"failureDetails":[],"failureMessages":[],"fullName":"SemanticSearchService Utility Methods should return parallel LLM batch size","invocations":1,"location":null,"numPassingAsserts":2,"retryReasons":[],"status":"passed","title":"should return parallel LLM batch size"},{"ancestorTitles":["SemanticSearchService","Redis Integration"],"duration":21,"failureDetails":[],"failureMessages":[],"fullName":"SemanticSearchService Redis Integration should set Redis client correctly","invocations":1,"location":null,"numPassingAsserts":1,"retryReasons":[],"status":"passed","title":"should set Redis client correctly"},{"ancestorTitles":["SemanticSearchService","Redis Integration"],"duration":28,"failureDetails":[],"failureMessages":[],"fullName":"SemanticSearchService Redis Integration should work without Redis","invocations":1,"location":null,"numPassingAsserts":1,"retryReasons":[],"status":"passed","title":"should work without Redis"},{"ancestorTitles":["SemanticSearchService","Embedding Settings"],"duration":48,"failureDetails":[],"failureMessages":[],"fullName":"SemanticSearchService Embedding Settings should load embedding settings from database","invocations":1,"location":null,"numPassingAsserts":1,"retryReasons":[],"status":"passed","title":"should load embedding settings from database"},{"ancestorTitles":["SemanticSearchService","Embedding Settings"],"duration":47,"failureDetails":[],"failureMessages":[],"fullName":"SemanticSearchService Embedding Settings should handle missing embedding settings gracefully","invocations":1,"location":null,"numPassingAsserts":1,"retryReasons":[],"status":"passed","title":"should handle missing embedding settings gracefully"},{"ancestorTitles":["SemanticSearchService","Public Refresh Methods"],"duration":62,"failureDetails":[],"failureMessages":[],"fullName":"SemanticSearchService Public Refresh Methods should refresh RAG settings on demand","invocations":1,"location":null,"numPassingAsserts":1,"retryReasons":[],"status":"passed","title":"should refresh RAG settings on demand"},{"ancestorTitles":["SemanticSearchService","Public Refresh Methods"],"duration":65,"failureDetails":[],"failureMessages":[],"fullName":"SemanticSearchService Public Refresh Methods should refresh source table weights on demand","invocations":1,"location":null,"numPassingAsserts":1,"retryReasons":[],"status":"passed","title":"should refresh source table weights on demand"},{"ancestorTitles":["SemanticSearchService","Public Refresh Methods"],"duration":57,"failureDetails":[],"failureMessages":[],"fullName":"SemanticSearchService Public Refresh Methods should get unified record types","invocations":1,"location":null,"numPassingAsserts":2,"retryReasons":[],"status":"passed","title":"should get unified record types"},{"ancestorTitles":["SemanticSearchService","Public Refresh Methods"],"duration":21,"failureDetails":[],"failureMessages":[],"fullName":"SemanticSearchService Public Refresh Methods should get popular searches from Redis","invocations":1,"location":null,"numPassingAsserts":7,"retryReasons":[],"status":"passed","title":"should get popular searches from Redis"},{"ancestorTitles":["SemanticSearchService","Public Refresh Methods"],"duration":16,"failureDetails":[],"failureMessages":[],"fullName":"SemanticSearchService Public Refresh Methods should return empty array when Redis not available for popular searches","invocations":1,"location":null,"numPassingAsserts":1,"retryReasons":[],"status":"passed","title":"should return empty array when Redis not available for popular searches"},{"ancestorTitles":["SemanticSearchService","Public Refresh Methods"],"duration":24,"failureDetails":[],"failureMessages":[],"fullName":"SemanticSearchService Public Refresh Methods should handle Redis errors gracefully when getting popular searches","invocations":1,"location":null,"numPassingAsserts":2,"retryReasons":[],"status":"passed","title":"should handle Redis errors gracefully when getting popular searches"}],"endTime":1766966908062,"message":"","name":"C:\\xampp\\htdocs\\lsemb\\backend\\src\\services\\semantic-search.service.unit.test.ts","startTime":1766966832887,"status":"passed","summary":""},{"assertionResults":[],"coverage":{},"endTime":1766966913761,"message":"  ● Test suite failed to run\n\n    \u001b[96msrc/server.ts\u001b[0m:\u001b[93m134\u001b[0m:\u001b[93m14\u001b[0m - \u001b[91merror\u001b[0m\u001b[90m TS2323: \u001b[0mCannot redeclare exported variable 'io'.\n\n    \u001b[7m134\u001b[0m export const io = SERVER.WEBSOCKET.ENABLED\n    \u001b[7m   \u001b[0m \u001b[91m             ~~\u001b[0m\n    \u001b[96msrc/server.ts\u001b[0m:\u001b[93m235\u001b[0m:\u001b[93m14\u001b[0m - \u001b[91merror\u001b[0m\u001b[90m TS2323: \u001b[0mCannot redeclare exported variable 'redis'.\n\n    \u001b[7m235\u001b[0m export const redis = new Redis({\n    \u001b[7m   \u001b[0m \u001b[91m             ~~~~~\u001b[0m\n    \u001b[96msrc/server.ts\u001b[0m:\u001b[93m1531\u001b[0m:\u001b[93m3\u001b[0m - \u001b[91merror\u001b[0m\u001b[90m TS2323: \u001b[0mCannot redeclare exported variable 'io'.\n\n    \u001b[7m1531\u001b[0m   io,\n    \u001b[7m    \u001b[0m \u001b[91m  ~~\u001b[0m\n    \u001b[96msrc/server.ts\u001b[0m:\u001b[93m1531\u001b[0m:\u001b[93m3\u001b[0m - \u001b[91merror\u001b[0m\u001b[90m TS2484: \u001b[0mExport declaration conflicts with exported declaration of 'io'.\n\n    \u001b[7m1531\u001b[0m   io,\n    \u001b[7m    \u001b[0m \u001b[91m  ~~\u001b[0m\n    \u001b[96msrc/server.ts\u001b[0m:\u001b[93m1534\u001b[0m:\u001b[93m3\u001b[0m - \u001b[91merror\u001b[0m\u001b[90m TS2323: \u001b[0mCannot redeclare exported variable 'redis'.\n\n    \u001b[7m1534\u001b[0m   redis,\n    \u001b[7m    \u001b[0m \u001b[91m  ~~~~~\u001b[0m\n    \u001b[96msrc/server.ts\u001b[0m:\u001b[93m1534\u001b[0m:\u001b[93m3\u001b[0m - \u001b[91merror\u001b[0m\u001b[90m TS2484: \u001b[0mExport declaration conflicts with exported declaration of 'redis'.\n\n    \u001b[7m1534\u001b[0m   redis,\n    \u001b[7m    \u001b[0m \u001b[91m  ~~~~~\u001b[0m\n","name":"C:\\xampp\\htdocs\\lsemb\\backend\\src\\__tests__\\api-endpoints.health.test.ts","startTime":1766966913761,"status":"failed","summary":""},{"assertionResults":[{"ancestorTitles":["DocumentProcessorService","Constructor"],"duration":16,"failureDetails":[],"failureMessages":[],"fullName":"DocumentProcessorService Constructor should initialize with provided dependencies","invocations":1,"location":null,"numPassingAsserts":2,"retryReasons":[],"status":"passed","title":"should initialize with provided dependencies"},{"ancestorTitles":["DocumentProcessorService","Constructor"],"duration":2,"failureDetails":[],"failureMessages":[],"fullName":"DocumentProcessorService Constructor should use default dependencies if none provided","invocations":1,"location":null,"numPassingAsserts":1,"retryReasons":[],"status":"passed","title":"should use default dependencies if none provided"},{"ancestorTitles":["DocumentProcessorService","Constructor"],"duration":1,"failureDetails":[],"failureMessages":[],"fullName":"DocumentProcessorService Constructor should accept null OpenAI client","invocations":1,"location":null,"numPassingAsserts":1,"retryReasons":[],"status":"passed","title":"should accept null OpenAI client"},{"ancestorTitles":["DocumentProcessorService","getOpenAIClient"],"duration":2,"failureDetails":[],"failureMessages":[],"fullName":"DocumentProcessorService getOpenAIClient should return existing OpenAI client if already initialized","invocations":1,"location":null,"numPassingAsserts":2,"retryReasons":[],"status":"passed","title":"should return existing OpenAI client if already initialized"},{"ancestorTitles":["DocumentProcessorService","getOpenAIClient"],"duration":10,"failureDetails":[],"failureMessages":[],"fullName":"DocumentProcessorService getOpenAIClient should fetch API key from database if OpenAI client not initialized","invocations":1,"location":null,"numPassingAsserts":2,"retryReasons":[],"status":"passed","title":"should fetch API key from database if OpenAI client not initialized"},{"ancestorTitles":["DocumentProcessorService","getOpenAIClient"],"duration":2,"failureDetails":[],"failureMessages":[],"fullName":"DocumentProcessorService getOpenAIClient should handle missing API key gracefully","invocations":1,"location":null,"numPassingAsserts":2,"retryReasons":[],"status":"passed","title":"should handle missing API key gracefully"},{"ancestorTitles":["DocumentProcessorService","getOpenAIClient"],"duration":1,"failureDetails":[],"failureMessages":[],"fullName":"DocumentProcessorService getOpenAIClient should handle database errors gracefully","invocations":1,"location":null,"numPassingAsserts":2,"retryReasons":[],"status":"passed","title":"should handle database errors gracefully"},{"ancestorTitles":["DocumentProcessorService","Error Handling"],"duration":2,"failureDetails":[],"failureMessages":[],"fullName":"DocumentProcessorService Error Handling should handle database connection errors gracefully","invocations":1,"location":null,"numPassingAsserts":1,"retryReasons":[],"status":"passed","title":"should handle database connection errors gracefully"},{"ancestorTitles":["DocumentProcessorService","Error Handling"],"duration":1,"failureDetails":[],"failureMessages":[],"fullName":"DocumentProcessorService Error Handling should continue working if OpenAI is unavailable","invocations":1,"location":null,"numPassingAsserts":1,"retryReasons":[],"status":"passed","title":"should continue working if OpenAI is unavailable"},{"ancestorTitles":["DocumentProcessorService","Dependency Injection"],"duration":1,"failureDetails":[],"failureMessages":[],"fullName":"DocumentProcessorService Dependency Injection should use injected pool instead of default","invocations":1,"location":null,"numPassingAsserts":1,"retryReasons":[],"status":"passed","title":"should use injected pool instead of default"},{"ancestorTitles":["DocumentProcessorService","Dependency Injection"],"duration":1,"failureDetails":[],"failureMessages":[],"fullName":"DocumentProcessorService Dependency Injection should use injected OpenAI client","invocations":1,"location":null,"numPassingAsserts":1,"retryReasons":[],"status":"passed","title":"should use injected OpenAI client"}],"endTime":1766966912099,"message":"","name":"C:\\xampp\\htdocs\\lsemb\\backend\\src\\services\\document-processor.service.unit.test.ts","startTime":1766966832919,"status":"passed","summary":""},{"assertionResults":[],"coverage":{},"endTime":1766966913761,"message":"  ● Test suite failed to run\n\n    \u001b[96msrc/server.ts\u001b[0m:\u001b[93m134\u001b[0m:\u001b[93m14\u001b[0m - \u001b[91merror\u001b[0m\u001b[90m TS2323: \u001b[0mCannot redeclare exported variable 'io'.\n\n    \u001b[7m134\u001b[0m export const io = SERVER.WEBSOCKET.ENABLED\n    \u001b[7m   \u001b[0m \u001b[91m             ~~\u001b[0m\n    \u001b[96msrc/server.ts\u001b[0m:\u001b[93m235\u001b[0m:\u001b[93m14\u001b[0m - \u001b[91merror\u001b[0m\u001b[90m TS2323: \u001b[0mCannot redeclare exported variable 'redis'.\n\n    \u001b[7m235\u001b[0m export const redis = new Redis({\n    \u001b[7m   \u001b[0m \u001b[91m             ~~~~~\u001b[0m\n    \u001b[96msrc/server.ts\u001b[0m:\u001b[93m1531\u001b[0m:\u001b[93m3\u001b[0m - \u001b[91merror\u001b[0m\u001b[90m TS2323: \u001b[0mCannot redeclare exported variable 'io'.\n\n    \u001b[7m1531\u001b[0m   io,\n    \u001b[7m    \u001b[0m \u001b[91m  ~~\u001b[0m\n    \u001b[96msrc/server.ts\u001b[0m:\u001b[93m1531\u001b[0m:\u001b[93m3\u001b[0m - \u001b[91merror\u001b[0m\u001b[90m TS2484: \u001b[0mExport declaration conflicts with exported declaration of 'io'.\n\n    \u001b[7m1531\u001b[0m   io,\n    \u001b[7m    \u001b[0m \u001b[91m  ~~\u001b[0m\n    \u001b[96msrc/server.ts\u001b[0m:\u001b[93m1534\u001b[0m:\u001b[93m3\u001b[0m - \u001b[91merror\u001b[0m\u001b[90m TS2323: \u001b[0mCannot redeclare exported variable 'redis'.\n\n    \u001b[7m1534\u001b[0m   redis,\n    \u001b[7m    \u001b[0m \u001b[91m  ~~~~~\u001b[0m\n    \u001b[96msrc/server.ts\u001b[0m:\u001b[93m1534\u001b[0m:\u001b[93m3\u001b[0m - \u001b[91merror\u001b[0m\u001b[90m TS2484: \u001b[0mExport declaration conflicts with exported declaration of 'redis'.\n\n    \u001b[7m1534\u001b[0m   redis,\n    \u001b[7m    \u001b[0m \u001b[91m  ~~~~~\u001b[0m\n","name":"C:\\xampp\\htdocs\\lsemb\\backend\\src\\__tests__\\server.test.ts","startTime":1766966913761,"status":"failed","summary":""}],"wasInterrupted":false}
