<?xml version="1.0" encoding="utf-8"?><testsuites name="pytest tests"><testsuite name="pytest" errors="1" failures="0" skipped="0" tests="1" time="7.540" timestamp="2026-01-07T03:42:50.175309+07:00" hostname="DELL-02"><testcase classname="" name="tests.test_crawl_router" time="0.000"><error message="collection failure">ImportError while importing test module 'C:\xampp\htdocs\lsemb\backend\python-services\tests\test_crawl_router.py'.
Hint: make sure your test modules/packages have valid Python names.
Traceback:
C:\Users\umut.demirci\AppData\Local\Programs\Python\Python313\Lib\importlib\__init__.py:88: in import_module
    return _bootstrap._gcd_import(name[level:], package, level)
           ^^^^^^^^^^^^^^^^^^^^^^^^^^^^^^^^^^^^^^^^^^^^^^^^^^^^
tests\test_crawl_router.py:4: in &lt;module&gt;
    from main import app
main.py:46: in &lt;module&gt;
    from routers import crawl_router, pgai_router, health_router, whisper_router, import_router, worker_router, pdf_router, csv_transform_router, embedding_router, document_analyzer_router, semantic_search_router, devops_router
E   ImportError: cannot import name 'health_router' from 'routers' (C:\xampp\htdocs\lsemb\backend\python-services\routers\__init__.py)</error></testcase></testsuite></testsuites>